<?xml version="1.0" encoding="UTF-8"?>
<testsuite name="SieveTest" tests="6" skipped="0" failures="0" errors="0" timestamp="2020-07-01T15:31:17" hostname="Lukas-PC" time="2.044">
  <properties/>
  <testcase name="findFirstPrime" classname="SieveTest" time="0.002"/>
  <testcase name="noPrimesUnder2" classname="SieveTest" time="0.0"/>
  <testcase name="findPrimesUpTo1000" classname="SieveTest" time="0.0"/>
  <testcase name="limitIsPrime" classname="SieveTest" time="0.001"/>
  <testcase name="findLigma" classname="SieveTest" time="2.041"/>
  <testcase name="findPrimesUpTo10" classname="SieveTest" time="0.0"/>
  <system-out><![CDATA[]]></system-out>
  <system-err><![CDATA[]]></system-err>
</testsuite>
